This is pdfTeXk, Version 3.1415926-1.40.9 (Web2C 7.5.7) (format=pdflatex 2009.5.8)  13 AUG 2009 15:55
entering extended mode
 file:line:error style messages enabled.
 %&-line parsing enabled.
**designdocument.tex
(./designdocument.tex
LaTeX2e <2005/12/01>
Babel <v3.8l> and hyphenation patterns for english, usenglishmax, dumylang, noh
yphenation, german-x-2008-06-18, ngerman-x-2008-06-18, ancientgreek, ibycus, ar
abic, basque, bulgarian, catalan, pinyin, coptic, croatian, czech, danish, dutc
h, esperanto, estonian, farsi, finnish, french, galician, german, ngerman, mono
greek, greek, hungarian, icelandic, indonesian, interlingua, irish, italian, la
tin, lithuanian, mongolian, mongolian2a, bokmal, nynorsk, polish, portuguese, r
omanian, russian, sanskrit, serbian, slovak, slovenian, spanish, swedish, turki
sh, ukenglish, ukrainian, uppersorbian, welsh, loaded.
(/usr/local/texlive/2008/texmf-dist/tex/latex/base/article.cls
Document Class: article 2005/09/16 v1.4f Standard LaTeX document class
(/usr/local/texlive/2008/texmf-dist/tex/latex/base/size11.clo
File: size11.clo 2005/09/16 v1.4f Standard LaTeX file (size option)
)
\c@part=\count79
\c@section=\count80
\c@subsection=\count81
\c@subsubsection=\count82
\c@paragraph=\count83
\c@subparagraph=\count84
\c@figure=\count85
\c@table=\count86
\abovecaptionskip=\skip41
\belowcaptionskip=\skip42
\bibindent=\dimen102
)
(/usr/local/texlive/2008/texmf-dist/tex/latex/preprint/fullpage.sty
Package: fullpage 1999/02/23 1.1 (PWD)
\FP@margin=\skip43
)
(/usr/local/texlive/2008/texmf-dist/tex/latex/amsfonts/amssymb.sty
Package: amssymb 2002/01/22 v2.2d

(/usr/local/texlive/2008/texmf-dist/tex/latex/amsfonts/amsfonts.sty
Package: amsfonts 2001/10/25 v2.2f
\@emptytoks=\toks14
\symAMSa=\mathgroup4
\symAMSb=\mathgroup5
LaTeX Font Info:    Overwriting math alphabet `\mathfrak' in version `bold'
(Font)                  U/euf/m/n --> U/euf/b/n on input line 132.
))
(/usr/local/texlive/2008/texmf-dist/tex/latex/amsmath/amsmath.sty
Package: amsmath 2000/07/18 v2.13 AMS math features
\@mathmargin=\skip44

For additional information on amsmath, use the `?' option.
(/usr/local/texlive/2008/texmf-dist/tex/latex/amsmath/amstext.sty
Package: amstext 2000/06/29 v2.01

(/usr/local/texlive/2008/texmf-dist/tex/latex/amsmath/amsgen.sty
File: amsgen.sty 1999/11/30 v2.0
\@emptytoks=\toks15
\ex@=\dimen103
))
(/usr/local/texlive/2008/texmf-dist/tex/latex/amsmath/amsbsy.sty
Package: amsbsy 1999/11/29 v1.2d
\pmbraise@=\dimen104
)
(/usr/local/texlive/2008/texmf-dist/tex/latex/amsmath/amsopn.sty
Package: amsopn 1999/12/14 v2.01 operator names
)
\inf@bad=\count87
LaTeX Info: Redefining \frac on input line 211.
\uproot@=\count88
\leftroot@=\count89
LaTeX Info: Redefining \overline on input line 307.
\classnum@=\count90
\DOTSCASE@=\count91
LaTeX Info: Redefining \ldots on input line 379.
LaTeX Info: Redefining \dots on input line 382.
LaTeX Info: Redefining \cdots on input line 467.
\Mathstrutbox@=\box26
\strutbox@=\box27
\big@size=\dimen105
LaTeX Font Info:    Redeclaring font encoding OML on input line 567.
LaTeX Font Info:    Redeclaring font encoding OMS on input line 568.
\macc@depth=\count92
\c@MaxMatrixCols=\count93
\dotsspace@=\muskip10
\c@parentequation=\count94
\dspbrk@lvl=\count95
\tag@help=\toks16
\row@=\count96
\column@=\count97
\maxfields@=\count98
\andhelp@=\toks17
\eqnshift@=\dimen106
\alignsep@=\dimen107
\tagshift@=\dimen108
\tagwidth@=\dimen109
\totwidth@=\dimen110
\lineht@=\dimen111
\@envbody=\toks18
\multlinegap=\skip45
\multlinetaggap=\skip46
\mathdisplay@stack=\toks19
LaTeX Info: Redefining \[ on input line 2666.
LaTeX Info: Redefining \] on input line 2667.
)
(/usr/local/texlive/2008/texmf-dist/tex/latex/base/latexsym.sty
Package: latexsym 1998/08/17 v2.2e Standard LaTeX package (lasy symbols)
\symlasy=\mathgroup6
LaTeX Font Info:    Overwriting symbol font `lasy' in version `bold'
(Font)                  U/lasy/m/n --> U/lasy/b/n on input line 47.
)
(/usr/local/texlive/2008/texmf-dist/tex/latex/ltxmisc/parskip.sty
Package: parskip 2001/04/09 non-zero parskip adjustments
)
(/usr/local/texlive/2008/texmf-dist/tex/latex/oberdiek/epstopdf.sty
Package: epstopdf 2008/05/06 v1.7 Conversion with epstopdf on the fly (HO)

(/usr/local/texlive/2008/texmf-dist/tex/generic/oberdiek/infwarerr.sty
Package: infwarerr 2007/09/09 v1.2 Providing info/warning/message (HO)
)
(/usr/local/texlive/2008/texmf-dist/tex/latex/oberdiek/grfext.sty
Package: grfext 2007/09/30 v1.0 Managing graphics extensions (HO)
)
(/usr/local/texlive/2008/texmf-dist/tex/latex/oberdiek/kvoptions.sty
Package: kvoptions 2007/10/18 v3.0 Keyval support for LaTeX options (HO)

(/usr/local/texlive/2008/texmf-dist/tex/latex/graphics/keyval.sty
Package: keyval 1999/03/16 v1.13 key=value parser (DPC)
\KV@toks@=\toks20
))
(/usr/local/texlive/2008/texmf-dist/tex/generic/oberdiek/pdftexcmds.sty
Package: pdftexcmds 2007/12/12 v0.3 LuaTeX support for pdfTeX utility functions
 (HO)
Package pdftexcmds Info: LuaTeX not detected on input line 139.
)

Package epstopdf Warning: No graphics package `graphic{s,x}' loaded.

) (/usr/local/texlive/2008/texmf-dist/tex/latex/jknapltx/mathrsfs.sty
Package: mathrsfs 1996/01/01 Math RSFS package v1.0 (jk)
\symrsfs=\mathgroup7
)
(/usr/local/texlive/2008/texmf-dist/tex/latex/doublestroke/dsfont.sty
Package: dsfont 1995/08/01 v0.1 Double stroke roman fonts
)
(/usr/local/texlive/2008/texmf-dist/tex/latex/graphics/graphicx.sty
Package: graphicx 1999/02/16 v1.0f Enhanced LaTeX Graphics (DPC,SPQR)

(/usr/local/texlive/2008/texmf-dist/tex/latex/graphics/graphics.sty
Package: graphics 2006/02/20 v1.0o Standard LaTeX Graphics (DPC,SPQR)

(/usr/local/texlive/2008/texmf-dist/tex/latex/graphics/trig.sty
Package: trig 1999/03/16 v1.09 sin cos tan (DPC)
)
(/usr/local/texlive/2008/texmf/tex/latex/config/graphics.cfg
File: graphics.cfg 2007/01/18 v1.5 graphics configuration of teTeX/TeXLive
)
Package graphics Info: Driver file: pdftex.def on input line 90.

(/usr/local/texlive/2008/texmf-dist/tex/latex/pdftex-def/pdftex.def
File: pdftex.def 2008/09/08 v0.04l Graphics/color for pdfTeX
\Gread@gobject=\count99
))
\Gin@req@height=\dimen112
\Gin@req@width=\dimen113
)
(/usr/local/texlive/2008/texmf-dist/tex/latex/graphics/color.sty
Package: color 2005/11/14 v1.0j Standard LaTeX Color (DPC)

(/usr/local/texlive/2008/texmf/tex/latex/config/color.cfg
File: color.cfg 2007/01/18 v1.5 color configuration of teTeX/TeXLive
)
Package color Info: Driver file: pdftex.def on input line 130.

(/usr/local/texlive/2008/texmf-dist/tex/latex/graphics/dvipsnam.def
File: dvipsnam.def 1999/02/16 v3.0i Driver-dependant file (DPC,SPQR)
))
(/usr/local/texlive/2008/texmf-dist/tex/latex/listings/listings.sty
\lst@mode=\count100
\lst@gtempboxa=\box28
\lst@token=\toks21
\lst@length=\count101
\lst@currlwidth=\dimen114
\lst@column=\count102
\lst@pos=\count103
\lst@lostspace=\dimen115
\lst@width=\dimen116
\lst@newlines=\count104
\lst@lineno=\count105
\lst@maxwidth=\dimen117

(/usr/local/texlive/2008/texmf-dist/tex/latex/listings/lstmisc.sty
File: lstmisc.sty 2007/02/22 1.4 (Carsten Heinz)
\c@lstnumber=\count106
\lst@skipnumbers=\count107
\lst@framebox=\box29
)
(/usr/local/texlive/2008/texmf-dist/tex/latex/listings/listings.cfg
File: listings.cfg 2007/02/22 1.4 listings configuration
))
Package: listings 2007/02/22 1.4 (Carsten Heinz)

(/usr/local/texlive/2008/texmf-dist/tex/latex/psnfss/courier.sty
Package: courier 2005/04/12 PSNFSS-v9.2a (WaS) 
)
(/usr/local/texlive/2008/texmf-dist/tex/latex/listings/lstlang1.sty
File: lstlang1.sty 2004/09/05 1.3 listings language file
)
(/usr/local/texlive/2008/texmf-dist/tex/latex/listings/lstmisc.sty
File: lstmisc.sty 2007/02/22 1.4 (Carsten Heinz)
)
(/usr/local/texlive/2008/texmf-dist/tex/latex/listings/lstlang1.sty
File: lstlang1.sty 2004/09/05 1.3 listings language file
)
(/usr/local/texlive/2008/texmf-dist/tex/latex/caption/caption.sty
Package: caption 2008/08/24 v3.1j Customizing captions (AR)

(/usr/local/texlive/2008/texmf-dist/tex/latex/caption/caption3.sty
Package: caption3 2008/08/24 v3.1j caption3 kernel (AR)
\captionmargin=\dimen118
\captionmargin@=\dimen119
\captionwidth=\dimen120
\caption@indent=\dimen121
\caption@parindent=\dimen122
\caption@hangindent=\dimen123
)
\c@ContinuedFloat=\count108
Package caption Info: listings package is loaded.
)
(/usr/local/texlive/2008/texmf-dist/tex/latex/float/float.sty
Package: float 2001/11/08 v1.3d Float enhancements (AL)
\c@float@type=\count109
\float@exts=\toks22
\float@box=\box30
\@float@everytoks=\toks23
\@floatcapt=\box31
)
\@float@every@sourcecode=\toks24
\c@sourcecode=\count110

(/usr/local/texlive/2008/texmf-dist/tex/latex/subfig/subfig.sty
Package: subfig 2005/06/28 ver: 1.3 subfig package
\c@KVtest=\count111
\sf@farskip=\skip47
\sf@captopadj=\dimen124
\sf@capskip=\skip48
\sf@nearskip=\skip49
\c@subfigure=\count112
\c@subfigure@save=\count113
\c@lofdepth=\count114
\c@subtable=\count115
\c@subtable@save=\count116
\c@lotdepth=\count117
\sf@top=\skip50
\sf@bottom=\skip51
)
(./designdocument.aux)
\openout1 = `designdocument.aux'.

LaTeX Font Info:    Checking defaults for OML/cmm/m/it on input line 90.
LaTeX Font Info:    ... okay on input line 90.
LaTeX Font Info:    Checking defaults for T1/cmr/m/n on input line 90.
LaTeX Font Info:    ... okay on input line 90.
LaTeX Font Info:    Checking defaults for OT1/cmr/m/n on input line 90.
LaTeX Font Info:    ... okay on input line 90.
LaTeX Font Info:    Checking defaults for OMS/cmsy/m/n on input line 90.
LaTeX Font Info:    ... okay on input line 90.
LaTeX Font Info:    Checking defaults for OMX/cmex/m/n on input line 90.
LaTeX Font Info:    ... okay on input line 90.
LaTeX Font Info:    Checking defaults for U/cmr/m/n on input line 90.
LaTeX Font Info:    ... okay on input line 90.

(/usr/local/texlive/2008/texmf-dist/tex/context/base/supp-pdf.tex
[Loading MPS to PDF converter (version 2006.09.02).]
\scratchcounter=\count118
\scratchdimen=\dimen125
\scratchbox=\box32
\nofMPsegments=\count119
\nofMParguments=\count120
\everyMPshowfont=\toks25
\MPscratchCnt=\count121
\MPscratchDim=\dimen126
\MPnumerator=\count122
\everyMPtoPDFconversion=\toks26
)
\c@lstlisting=\count123
Package caption Info: Begin \AtBeginDocument code.
Package caption3 Info: subfig package 1.2 or 1.3 is loaded.
LaTeX Info: Redefining \subref on input line 90.
Package caption Info: float package is loaded.
Package caption Info: End \AtBeginDocument code.
LaTeX Font Info:    Try loading font information for U+msa on input line 95.
 (/usr/local/texlive/2008/texmf-dist/tex/latex/amsfonts/umsa.fd
File: umsa.fd 2002/01/19 v2.2g AMS font definitions
)
LaTeX Font Info:    Try loading font information for U+msb on input line 95.

(/usr/local/texlive/2008/texmf-dist/tex/latex/amsfonts/umsb.fd
File: umsb.fd 2002/01/19 v2.2g AMS font definitions
)
LaTeX Font Info:    Try loading font information for U+lasy on input line 95.

(/usr/local/texlive/2008/texmf-dist/tex/latex/base/ulasy.fd
File: ulasy.fd 1998/08/17 v2.2e LaTeX symbol font definitions
)
LaTeX Font Info:    Try loading font information for U+rsfs on input line 95.

(/usr/local/texlive/2008/texmf-dist/tex/latex/jknapltx/ursfs.fd
File: ursfs.fd 1998/03/24 rsfs font definition file (jk)
) [1

{/usr/local/texlive/2008/texmf-var/fonts/map/pdftex/updmap/pdftex.map}]
<designdocumentimages/fig1-NestedBox.pdf, id=12, 727.71875pt x 521.95pt>
File: designdocumentimages/fig1-NestedBox.pdf Graphic file (type pdf)

<use designdocumentimages/fig1-NestedBox.pdf> [2 <./designdocumentimages/fig1-N
estedBox.pdf>]
<designdocumentimages/fig2-IntersectionWithBox.pdf, id=70, 768.8725pt x 522.953
75pt>
File: designdocumentimages/fig2-IntersectionWithBox.pdf Graphic file (type pdf)

 <use designdocumentimages/fig2-IntersectionWithBox.pdf>
<designdocumentimages/fig3-IntersectionWithPlane.pdf, id=71, 644.4075pt x 406.5
1875pt>
File: designdocumentimages/fig3-IntersectionWithPlane.pdf Graphic file (type pd
f)
 <use designdocumentimages/fig3-IntersectionWithPlane.pdf> [3 <./designdocument
images/fig2-IntersectionWithBox.pdf>] [4 <./designdocumentimages/fig3-Intersect
ionWithPlane.pdf>]
<designdocumentimages/fig4-TimeFromOutside.pdf, id=155, 749.80125pt x 495.8525p
t>
File: designdocumentimages/fig4-TimeFromOutside.pdf Graphic file (type pdf)
 <use designdocumentimages/fig4-TimeFromOutside.pdf> [5 <./designdocumentimages
/fig4-TimeFromOutside.pdf>]
<designdocumentimages/fig5-PropagationLoop.pdf, id=191, 520.94624pt x 699.61375
pt>
File: designdocumentimages/fig5-PropagationLoop.pdf Graphic file (type pdf)
 <use designdocumentimages/fig5-PropagationLoop.pdf>
<designdocumentimages/cuttube.png, id=192, 576.1525pt x 646.415pt>
File: designdocumentimages/cuttube.png Graphic file (type png)

<use designdocumentimages/cuttube.png>
<designdocumentimages/torus.png, id=193, 576.1525pt x 646.415pt>
File: designdocumentimages/torus.png Graphic file (type png)

<use designdocumentimages/torus.png>
<designdocumentimages/atlas.png, id=194, 575.14874pt x 644.4075pt>
File: designdocumentimages/atlas.png Graphic file (type png)

<use designdocumentimages/atlas.png> [6] [7 <./designdocumentimages/fig5-Propag
ationLoop.pdf> <./designdocumentimages/cuttube.png (PNG copy)> <./designdocumen
timages/torus.png (PNG copy)> <./designdocumentimages/atlas.png (PNG copy)>]
<designdocumentimages/ShapeInheritance.pdf, id=251, 557.08125pt x 463.7325pt>
File: designdocumentimages/ShapeInheritance.pdf Graphic file (type pdf)

<use designdocumentimages/ShapeInheritance.pdf>
Overfull \hbox (6.0pt too wide) in paragraph at lines 281--281
[][][][][][][] 
 []

LaTeX Font Info:    Try loading font information for OT1+pcr on input line 281.

(/usr/local/texlive/2008/texmf-dist/tex/latex/psnfss/ot1pcr.fd
File: ot1pcr.fd 2001/06/04 font definitions for OT1/pcr.
) [8 <./designdocumentimages/ShapeInheritance.pdf>]
Overfull \hbox (6.0pt too wide) in paragraph at lines 299--299
[][][][][][][] 
 []

[9]
<designdocumentimages/MultipleInheritance.pdf, id=305, 542.025pt x 607.26875pt>
File: designdocumentimages/MultipleInheritance.pdf Graphic file (type pdf)
<use designdocumentimages/MultipleInheritance.pdf> [10] [11 <./designdocumentim
ages/MultipleInheritance.pdf>]
<designdocumentimages/MultipleInheritance2.pdf, id=357, 561.09625pt x 513.92pt>
File: designdocumentimages/MultipleInheritance2.pdf Graphic file (type pdf)
<use designdocumentimages/MultipleInheritance2.pdf>
<designdocumentimages/UCNShapeInheritance.pdf, id=358, 561.09625pt x 513.92pt>
File: designdocumentimages/UCNShapeInheritance.pdf Graphic file (type pdf)

<use designdocumentimages/UCNShapeInheritance.pdf>
Overfull \hbox (6.0pt too wide) in paragraph at lines 367--367
[][][][][][][] 
 []

[12 <./designdocumentimages/MultipleInheritance2.pdf>] [13 <./designdocumentima
ges/UCNShapeInheritance.pdf>]
Overfull \hbox (6.0pt too wide) in paragraph at lines 386--386
[][][][][][][] 
 []


Overfull \hbox (14.38489pt too wide) in paragraph at lines 392--393
[]\OT1/cmr/m/n/10.95 FindNextBoundaryAndStepAlongParabola fol-lows the al-go-ri
thms used by Find-NextBound-aryAnd-
 []


<designdocumentimages/UCNSIMClassStructure.pdf, id=450, 724.7075pt x 530.98375p
t>
File: designdocumentimages/UCNSIMClassStructure.pdf Graphic file (type pdf)
 <use designdocumentimages/UCNSIMClassStructure.pdf>
Overfull \hbox (54.3239pt too wide) in paragraph at lines 406--407
 [] 
 []

[14] [15 <./designdocumentimages/UCNSIMClassStructure.pdf>]
Overfull \hbox (2.61353pt too wide) in paragraph at lines 423--424
\OT1/cmr/m/n/10.95 mented, with sup-port for ab-sorp-tion/inelas-tic scat-ter-i
ng at the bound-ary as well as specular/non-
 []


Underfull \hbox (badness 10000) in paragraph at lines 425--426

 []


Underfull \hbox (badness 10000) in paragraph at lines 431--431
[]\OT1/cmr/m/n/10.95 Magnetic Field
 []


Underfull \hbox (badness 10000) in paragraph at lines 432--432
[]\OT1/cmr/m/n/10.95 Spin Vec-tor
 []


Underfull \hbox (badness 2529) in paragraph at lines 433--433
[]\OT1/cmr/m/n/10.95 Multiple Vol-ume
 []


Underfull \hbox (badness 10000) in paragraph at lines 434--434
[]\OT1/cmr/m/n/10.95 Collect Present
 []


Underfull \hbox (badness 10000) in paragraph at lines 434--434
\OT1/cmr/m/n/10.95 Ex-per-i-men-tal
 []


Underfull \hbox (badness 2726) in paragraph at lines 436--436
[]\OT1/cmr/m/n/10.95 EDM Data and
 []

[16] [17] (./designdocument.aux) ) 
Here is how much of TeX's memory you used:
 4940 strings out of 493876
 74947 string characters out of 1150569
 184477 words of memory out of 3000000
 8109 multiletter control sequences out of 10000+50000
 14828 words of font info for 61 fonts, out of 3000000 for 5000
 714 hyphenation exceptions out of 8191
 36i,10n,49p,999b,1161s stack positions out of 5000i,500n,10000p,200000b,50000s
{/usr/local/texlive/2008/texmf-dist/fonts/enc
/dvips/base/8r.enc}</usr/local/texlive/2008/texmf-dist/fonts/type1/bluesky/cm/c
mbx10.pfb></usr/local/texlive/2008/texmf-dist/fonts/type1/bluesky/cm/cmbx12.pfb
></usr/local/texlive/2008/texmf-dist/fonts/type1/bluesky/cm/cmbx8.pfb></usr/loc
al/texlive/2008/texmf-dist/fonts/type1/bluesky/cm/cmex10.pfb></usr/local/texliv
e/2008/texmf-dist/fonts/type1/bluesky/cm/cmmi10.pfb></usr/local/texlive/2008/te
xmf-dist/fonts/type1/bluesky/cm/cmmi8.pfb></usr/local/texlive/2008/texmf-dist/f
onts/type1/bluesky/cm/cmr10.pfb></usr/local/texlive/2008/texmf-dist/fonts/type1
/bluesky/cm/cmr12.pfb></usr/local/texlive/2008/texmf-dist/fonts/type1/bluesky/c
m/cmr17.pfb></usr/local/texlive/2008/texmf-dist/fonts/type1/bluesky/cm/cmr6.pfb
></usr/local/texlive/2008/texmf-dist/fonts/type1/bluesky/cm/cmr8.pfb></usr/loca
l/texlive/2008/texmf-dist/fonts/type1/bluesky/cm/cmr9.pfb></usr/local/texlive/2
008/texmf-dist/fonts/type1/bluesky/cm/cmsy10.pfb></usr/local/texlive/2008/texmf
-dist/fonts/type1/bluesky/cm/cmsy6.pfb></usr/local/texlive/2008/texmf-dist/font
s/type1/bluesky/cm/cmsy8.pfb></usr/local/texlive/2008/texmf-dist/fonts/type1/bl
uesky/cm/cmti10.pfb></usr/local/texlive/2008/texmf-dist/fonts/type1/urw/courier
/ucrr8a.pfb>
Output written on designdocument.pdf (17 pages, 671595 bytes).
PDF statistics:
 674 PDF objects out of 1000 (max. 8388607)
 0 named destinations out of 1000 (max. 131072)
 66 words of extra memory for PDF output out of 10000 (max. 10000000)

